============================================================
  Generated by:           Genus(TM) Synthesis Solution 21.10-p002_1
  Generated on:           May 23 2025  03:21:56 pm
  Module:                 tbec_decoder
  Library domain:         worst
    Domain index:         0
    Technology library:   slow_vdd1v0 1.0
  Library domain:         best
    Domain index:         1
    Technology library:   fast_vdd1v2 1.0
  Operating conditions:   PVT_0P9V_125C 
  Operating conditions:   PVT_1P32V_0C 
  Interconnect mode:      global
  Area mode:              physical library
============================================================

Timing
-------
  Cost    Critical         Violating 
 Group   Path Slack  TNS     Paths   
-------------------------------------
default    No paths   0.0            
-------------------------------------
Total                 0.0          0 

Instance Count
--------------
Leaf Instance Count             112 
Physical Instance count           0 
Sequential Instance Count         0 
Combinational Instance Count    112 
Hierarchical Instance Count       0 

Area
----
Cell Area                          287.964
Physical Cell Area                 0.000
Total Cell Area (Cell+Physical)    287.964
Net Area                           155.525
Total Area (Cell+Physical+Net)     443.489

Max Fanout                         6 (error_code[1])
Min Fanout                         1 (n_0)
Average Fanout                     1.9
Terms to net ratio                 2.5548
Terms to instance ratio            3.3304
Runtime                            10.601804 seconds
Elapsed Runtime                    12 seconds
Genus peak memory usage            1570.63 
Innovus peak memory usage          no_value 
Hostname                           cinova05.lesc.ufc.br
