============================================================
  Generated by:           Genus(TM) Synthesis Solution 21.10-p002_1
  Generated on:           May 29 2025  10:05:42 am
  Module:                 tbec_full
  Library domain:         worst
    Domain index:         0
    Technology library:   slow_vdd1v0 1.0
  Library domain:         best
    Domain index:         1
    Technology library:   fast_vdd1v2 1.0
  Operating conditions:   PVT_0P9V_125C 
  Operating conditions:   PVT_1P32V_0C 
  Interconnect mode:      global
  Area mode:              physical library
============================================================

    Instance       Module     Cell Count  Cell Area  Net Area   Total Area 
---------------------------------------------------------------------------
tbec_full                            926   3075.948  1241.920     4317.868 
  tbec_dec_inst tbec_decoder         114    295.146    97.196      392.342 
  tbec_enc_inst tbec_encoder          57    120.042    32.614      152.656 
