============================================================
  Generated by:           Genus(TM) Synthesis Solution 21.10-p002_1
  Generated on:           May 23 2025  04:01:30 pm
  Module:                 tbec_encoder
  Library domain:         worst
    Domain index:         0
    Technology library:   slow_vdd1v0 1.0
  Library domain:         best
    Domain index:         1
    Technology library:   fast_vdd1v2 1.0
  Operating conditions:   PVT_0P9V_125C 
  Operating conditions:   PVT_1P32V_0C 
  Interconnect mode:      global
  Area mode:              physical library
============================================================

Timing
-------
  Cost    Critical         Violating 
 Group   Path Slack  TNS     Paths   
-------------------------------------
default    No paths   0.0            
-------------------------------------
Total                 0.0          0 

Instance Count
--------------
Leaf Instance Count             24 
Physical Instance count          0 
Sequential Instance Count        0 
Combinational Instance Count    24 
Hierarchical Instance Count      0 

Area
----
Cell Area                          112.176
Physical Cell Area                 0.000
Total Cell Area (Cell+Physical)    112.176
Net Area                           44.094
Total Area (Cell+Physical+Net)     156.270

Max Fanout                         3 (in_word[12])
Min Fanout                         1 (encoded_word[6])
Average Fanout                     2.0
Terms to net ratio                 1.8000
Terms to instance ratio            3.0000
Runtime                            7.88096 seconds
Elapsed Runtime                    9 seconds
Genus peak memory usage            1559.52 
Innovus peak memory usage          no_value 
Hostname                           cinova05.lesc.ufc.br
