============================================================
  Generated by:           Genus(TM) Synthesis Solution 21.10-p002_1
  Generated on:           May 23 2025  03:21:56 pm
  Module:                 tbec_decoder
  Library domain:         worst
    Domain index:         0
    Technology library:   slow_vdd1v0 1.0
  Library domain:         best
    Domain index:         1
    Technology library:   fast_vdd1v2 1.0
  Operating conditions:   PVT_0P9V_125C 
  Operating conditions:   PVT_1P32V_0C 
  Interconnect mode:      global
  Area mode:              physical library
============================================================

                                             Library 
   Gate    Instances   Area       Library     Domain 
-----------------------------------------------------
ADDHX1             2    7.524    slow_vdd1v0   worst 
AND2X1             4    5.472    slow_vdd1v0   worst 
AND2X6             2    7.524    slow_vdd1v0   worst 
AND4X1             1    2.394    slow_vdd1v0   worst 
AOI211X2           1    3.420    slow_vdd1v0   worst 
AOI21X1            3    5.130    slow_vdd1v0   worst 
AOI221X2           1    4.446    slow_vdd1v0   worst 
AOI22X1            2    4.104    slow_vdd1v0   worst 
CLKMX2X6          16   71.136    slow_vdd1v0   worst 
CLKXOR2X1         34   93.024    slow_vdd1v0   worst 
INVXL              3    2.052    slow_vdd1v0   worst 
MX2X1              1    2.394    slow_vdd1v0   worst 
NAND2X1            2    2.052    slow_vdd1v0   worst 
NAND2X2            1    1.710    slow_vdd1v0   worst 
NOR2BX1            2    2.736    slow_vdd1v0   worst 
NOR2X1             6    6.156    slow_vdd1v0   worst 
OA22X1             1    2.394    slow_vdd1v0   worst 
OAI21X1            2    3.420    slow_vdd1v0   worst 
OAI22X1            1    2.052    slow_vdd1v0   worst 
OAI2BB1X1          1    1.710    slow_vdd1v0   worst 
OR2X1              5    6.840    slow_vdd1v0   worst 
XNOR2X1           21   50.274    slow_vdd1v0   worst 
-----------------------------------------------------
total            112  287.964                


                                        
     Type      Instances   Area  Area % 
----------------------------------------
inverter               3   2.052    0.7 
logic                109 285.912   99.3 
physical_cells         0   0.000    0.0 
----------------------------------------
total                112 287.964  100.0 

