============================================================
  Generated by:           Genus(TM) Synthesis Solution 21.10-p002_1
  Generated on:           May 29 2025  09:44:41 am
  Module:                 tbec_full
  Library domain:         worst
    Domain index:         0
    Technology library:   slow_vdd1v0 1.0
  Library domain:         best
    Domain index:         1
    Technology library:   fast_vdd1v2 1.0
  Operating conditions:   PVT_0P9V_125C 
  Operating conditions:   PVT_1P32V_0C 
  Interconnect mode:      global
  Area mode:              physical library
============================================================

                                               Library 
   Gate     Instances    Area       Library     Domain 
-------------------------------------------------------
ADDHX1              2     7.524    slow_vdd1v0   worst 
AND2X1             17    23.256    slow_vdd1v0   worst 
AND2X4              1     2.736    slow_vdd1v0   worst 
AND2X6              5    18.810    slow_vdd1v0   worst 
AND2X8              8    35.568    slow_vdd1v0   worst 
AND3X2              1     2.736    slow_vdd1v0   worst 
AO22X1             68   186.048    slow_vdd1v0   worst 
AOI21X1             3     5.130    slow_vdd1v0   worst 
AOI221X2            1     4.446    slow_vdd1v0   worst 
AOI22X1            62   127.224    slow_vdd1v0   worst 
BUFX2              27    46.170    slow_vdd1v0   worst 
CLKAND2X12          3    22.572    slow_vdd1v0   worst 
CLKXOR2X1          29    79.344    slow_vdd1v0   worst 
CLKXOR2X2          16    54.720    slow_vdd1v0   worst 
EDFFHQX1          256  2188.800    slow_vdd1v0   worst 
INVX1               4     2.736    slow_vdd1v0   worst 
INVX2               1     1.026    slow_vdd1v0   worst 
MX2X1              17    40.698    slow_vdd1v0   worst 
NAND2BX1            1     1.368    slow_vdd1v0   worst 
NAND2X1             2     2.052    slow_vdd1v0   worst 
NAND2X2             2     3.420    slow_vdd1v0   worst 
NAND3X2            15    41.040    slow_vdd1v0   worst 
NOR2BX1             1     1.368    slow_vdd1v0   worst 
NOR2BX2             4    10.944    slow_vdd1v0   worst 
NOR2X1              4     4.104    slow_vdd1v0   worst 
NOR2X2              1     1.710    slow_vdd1v0   worst 
NOR2XL              1     1.026    slow_vdd1v0   worst 
NOR3X1              1     1.710    slow_vdd1v0   worst 
NOR4X2              1     3.420    slow_vdd1v0   worst 
OA21X1              1     2.052    slow_vdd1v0   worst 
OA22X1              1     2.394    slow_vdd1v0   worst 
OAI21X1             1     1.710    slow_vdd1v0   worst 
OAI2BB1X1           2     3.420    slow_vdd1v0   worst 
OAI2BB1X2           1     3.078    slow_vdd1v0   worst 
OR2X1               5     6.840    slow_vdd1v0   worst 
OR3X1               2     4.104    slow_vdd1v0   worst 
OR4X1              18    36.936    slow_vdd1v0   worst 
XNOR2X1            34    81.396    slow_vdd1v0   worst 
-------------------------------------------------------
total             619  3063.636                


                                         
     Type      Instances   Area   Area % 
-----------------------------------------
sequential           256 2188.800   71.4 
inverter               5    3.762    0.1 
buffer                27   46.170    1.5 
logic                331  824.904   26.9 
physical_cells         0    0.000    0.0 
-----------------------------------------
total                619 3063.636  100.0 

