============================================================
  Generated by:           Genus(TM) Synthesis Solution 21.10-p002_1
  Generated on:           May 29 2025  09:56:27 am
  Module:                 tbec_full
  Library domain:         worst
    Domain index:         0
    Technology library:   slow_vdd1v0 1.0
  Library domain:         best
    Domain index:         1
    Technology library:   fast_vdd1v2 1.0
  Operating conditions:   PVT_0P9V_125C 
  Operating conditions:   PVT_1P32V_0C 
  Interconnect mode:      global
  Area mode:              physical library
============================================================

Timing
-------
  Cost    Critical         Violating 
 Group   Path Slack  TNS     Paths   
-------------------------------------
default    No paths   0.0            
-------------------------------------
Total                 0.0          0 

Instance Count
--------------
Leaf Instance Count             940 
Physical Instance count           0 
Sequential Instance Count       256 
Combinational Instance Count    684 
Hierarchical Instance Count       2 

Area
----
Cell Area                          3098.520
Physical Cell Area                 0.000
Total Cell Area (Cell+Physical)    3098.520
Net Area                           1254.122
Total Area (Cell+Physical+Net)     4352.642

Max Fanout                         256 (clk)
Min Fanout                         1 (n_1)
Average Fanout                     2.8
Terms to net ratio                 3.7503
Terms to instance ratio            3.8660
Runtime                            14.938341999999999 seconds
Elapsed Runtime                    16 seconds
Genus peak memory usage            1650.73 
Innovus peak memory usage          no_value 
Hostname                           cinova05.lesc.ufc.br
