============================================================
  Generated by:           Genus(TM) Synthesis Solution 21.10-p002_1
  Generated on:           May 23 2025  04:01:30 pm
  Module:                 tbec_encoder
  Library domain:         worst
    Domain index:         0
    Technology library:   slow_vdd1v0 1.0
  Library domain:         best
    Domain index:         1
    Technology library:   fast_vdd1v2 1.0
  Operating conditions:   PVT_0P9V_125C 
  Operating conditions:   PVT_1P32V_0C 
  Interconnect mode:      global
  Area mode:              physical library
============================================================

                                             Library 
   Gate    Instances   Area       Library     Domain 
-----------------------------------------------------
CLKXOR2X8         16   93.024    slow_vdd1v0   worst 
XNOR2X1            8   19.152    slow_vdd1v0   worst 
-----------------------------------------------------
total             24  112.176                


                                        
     Type      Instances   Area  Area % 
----------------------------------------
logic                 24 112.176  100.0 
physical_cells         0   0.000    0.0 
----------------------------------------
total                 24 112.176  100.0 

