
Power Net Detected:
        Voltage	    Name
             0V	    VSS
          1.32V	    VDD
Using Power View: analysis_normal_fast_min.
AAE_INFO: opIsDesignInPostRouteState() is 1
AAE_INFO: resetNetProps viewIdx 1 
Starting SI iteration 1 using Infinite Timing Windows
#################################################################################
# Design Stage: PostRoute
# Design Name: tbec_encoder
# Design Mode: 45nm
# Analysis Mode: MMMC OCV 
# Parasitics Mode: SPEF/RCDB 
# Signoff Settings: SI On 
#################################################################################
AAE_INFO: 1 threads acquired from CTE.
Start delay calculation (fullDC) (1 T). (MEM=2093.9)
Total number of fetched objects 40
AAE_INFO: Total number of nets for which stage creation was skipped for all views 0
AAE_INFO-618: Total number of nets in the design is 58,  100.0 percent of the nets selected for SI analysis
End delay calculation. (MEM=2098.43 CPU=0:00:00.0 REAL=0:00:00.0)
End delay calculation (fullDC). (MEM=2098.43 CPU=0:00:00.0 REAL=0:00:00.0)
Loading CTE timing window with TwFlowType 0...(CPU = 0:00:00.0, REAL = 0:00:00.0, MEM = 2098.4M)
Add other clocks and setupCteToAAEClockMapping during iter 1
Loading CTE timing window is completed (CPU = 0:00:00.0, REAL = 0:00:00.0, MEM = 2098.4M)
Starting SI iteration 2
Start delay calculation (fullDC) (1 T). (MEM=2050.33)
Glitch Analysis: View analysis_normal_fast_min -- Total Number of Nets Skipped = 0. 
Glitch Analysis: View analysis_normal_fast_min -- Total Number of Nets Analyzed = 40. 
Total number of fetched objects 40
AAE_INFO: Total number of nets for which stage creation was skipped for all views 0
AAE_INFO-618: Total number of nets in the design is 58,  0.0 percent of the nets selected for SI analysis
End delay calculation. (MEM=2089.5 CPU=0:00:00.0 REAL=0:00:00.0)
End delay calculation (fullDC). (MEM=2089.5 CPU=0:00:00.0 REAL=0:00:00.0)
Load RC corner of view analysis_normal_fast_min
Set Default Frequency 100MHz.

Begin Power Analysis

             0V	    VSS
          1.32V	    VDD

Begin Processing Timing Library for Power Calculation

Begin Processing Timing Library for Power Calculation



Begin Processing Power Net/Grid for Power Calculation

Ended Processing Power Net/Grid for Power Calculation: (cpu=0:00:00, real=0:00:00, mem(process/total/peak)=1697.04MB/3610.64MB/1697.04MB)

Begin Processing Timing Window Data for Power Calculation

Ended Processing Timing Window Data for Power Calculation: (cpu=0:00:00, real=0:00:00, mem(process/total/peak)=1697.04MB/3610.64MB/1697.04MB)

Begin Processing User Attributes

Ended Processing User Attributes: (cpu=0:00:00, real=0:00:00, mem(process/total/peak)=1697.04MB/3610.64MB/1697.04MB)

Begin Processing Signal Activity


Starting Levelizing
2025-May-23 16:08:22 (2025-May-23 19:08:22 GMT)
2025-May-23 16:08:22 (2025-May-23 19:08:22 GMT): 10%
2025-May-23 16:08:22 (2025-May-23 19:08:22 GMT): 20%
2025-May-23 16:08:22 (2025-May-23 19:08:22 GMT): 30%
2025-May-23 16:08:22 (2025-May-23 19:08:22 GMT): 40%
2025-May-23 16:08:22 (2025-May-23 19:08:22 GMT): 50%
2025-May-23 16:08:22 (2025-May-23 19:08:22 GMT): 60%
2025-May-23 16:08:22 (2025-May-23 19:08:22 GMT): 70%
2025-May-23 16:08:22 (2025-May-23 19:08:22 GMT): 80%
2025-May-23 16:08:22 (2025-May-23 19:08:22 GMT): 90%

Finished Levelizing
2025-May-23 16:08:22 (2025-May-23 19:08:22 GMT)

Starting Activity Propagation
2025-May-23 16:08:22 (2025-May-23 19:08:22 GMT)
** INFO:  (VOLTUS_POWR-1356): No default input activity has been set. Defaulting to 0.2.
Use 'set_default_switching_activity -input_activity' command to change the default activity value.

2025-May-23 16:08:22 (2025-May-23 19:08:22 GMT): 10%
2025-May-23 16:08:22 (2025-May-23 19:08:22 GMT): 20%
2025-May-23 16:08:22 (2025-May-23 19:08:22 GMT): 30%
2025-May-23 16:08:22 (2025-May-23 19:08:22 GMT): 40%

Finished Activity Propagation
2025-May-23 16:08:22 (2025-May-23 19:08:22 GMT)
Ended Processing Signal Activity: (cpu=0:00:00, real=0:00:00, mem(process/total/peak)=1697.04MB/3610.64MB/1697.04MB)

Begin Power Computation

      ----------------------------------------------------------
      # of cell(s) missing both power/leakage table: 0
      # of cell(s) missing power table: 0
      # of cell(s) missing leakage table: 0
      ----------------------------------------------------------



Starting Calculating power
2025-May-23 16:08:22 (2025-May-23 19:08:22 GMT)
 ... Calculating switching power
2025-May-23 16:08:22 (2025-May-23 19:08:22 GMT): 10%
2025-May-23 16:08:22 (2025-May-23 19:08:22 GMT): 20%
2025-May-23 16:08:22 (2025-May-23 19:08:22 GMT): 30%
2025-May-23 16:08:22 (2025-May-23 19:08:22 GMT): 40%
2025-May-23 16:08:22 (2025-May-23 19:08:22 GMT): 50%
2025-May-23 16:08:22 (2025-May-23 19:08:22 GMT): 60%
 ... Calculating internal and leakage power
2025-May-23 16:08:22 (2025-May-23 19:08:22 GMT): 70%
2025-May-23 16:08:22 (2025-May-23 19:08:22 GMT): 80%
2025-May-23 16:08:22 (2025-May-23 19:08:22 GMT): 90%

Finished Calculating power
2025-May-23 16:08:22 (2025-May-23 19:08:22 GMT)
      # of MSMV cell(s) missing power_level: 0
Ended Power Computation: (cpu=0:00:00, real=0:00:00, mem(process/total/peak)=1698.98MB/3618.65MB/1698.98MB)

Begin Processing User Attributes

Ended Processing User Attributes: (cpu=0:00:00, real=0:00:00, mem(process/total/peak)=1698.98MB/3618.65MB/1698.98MB)

Ended Power Analysis: (cpu=0:00:00, real=0:00:00, mem(process/total/peak)=1698.98MB/3618.65MB/1698.98MB)

Begin Boundary Leakage Calculation
Ended Boundary Leakage Calculation: (cpu=0:00:00, real=0:00:00,
mem(process/total/peak)=1698.98MB/3618.65MB/1698.98MB)
Begin Static Power Report Generation
*----------------------------------------------------------------------------------------
*	Innovus 21.15-s110_1 (64bit) 09/23/2022 13:08 (Linux 3.10.0-693.el7.x86_64)
*	
*
* 	Date & Time:	2025-May-23 16:08:22 (2025-May-23 19:08:22 GMT)
*
*----------------------------------------------------------------------------------------
*
*	Design: tbec_encoder
*
*	Liberty Libraries used:
*	        analysis_normal_fast_min: /home/tools/cadence/gpdk/gsclib045_svt_v4.4/lan/flow/t1u1/reference_libs/GPDK045/gsclib045_svt_v4.4/gsclib045/timing/fast_vdd1v2_basicCells.lib
*
*	Parasitic Files used:
*
*       Power View : analysis_normal_fast_min
*
*       User-Defined Activity : N.A.
*
*       Activity File: N.A.
*
*       Hierarchical Global Activity: N.A.
*
*       Global Activity: N.A.
*
*       Sequential Element Activity: N.A.
*
*       Primary Input Activity: 0.200000
*
*       Default icg ratio: N.A.
*
*       Global Comb ClockGate Ratio: N.A.
*
*	Power Units = 1uW
*
*	Time Units = 1e-09 secs
*
*       report_power
*
-----------------------------------------------------------------------------------------
*



Total Power
-----------------------------------------------------------------------------------------
Total Internal Power:        4.87108438 	   21.2320%
Total Switching Power:      18.05239345 	   78.6865%
Total Leakage Power:         0.01868936 	    0.0815%
Total Power:                22.94216719
-----------------------------------------------------------------------------------------


Group                           Internal   Switching     Leakage       Total  Percentage 
                                Power      Power         Power         Power  (%)        
-----------------------------------------------------------------------------------------
Sequential                             0           0           0           0           0
Macro                                  0           0           0           0           0
IO                                     0           0           0           0           0
Combinational                      4.871       18.05     0.01869   2.294e+04         100
Clock (Combinational)                  0           0           0           0           0
Clock (Sequential)                     0           0           0           0           0
-----------------------------------------------------------------------------------------
Total                               4871   1.805e+04       18.69   2.294e+04       1e+05
-----------------------------------------------------------------------------------------


Rail                  Voltage   Internal   Switching     Leakage       Total  Percentage 
                                Power      Power         Power         Power  (%)        
-----------------------------------------------------------------------------------------
VDD                      1.32       4871   1.805e+04       18.69   2.294e+04       1e+05
 
 
-----------------------------------------------------------------------------------------
*	Power Distribution Summary: 
*              Highest Average Power:                g251__6260 (CLKXOR2X8):             1.53
*              Highest Leakage Power:                g250__2398 (CLKXOR2X8):        0.0009929
*                Total Cap:      7.37896e-13 F
*                Total instances in design:    24
*                Total instances in design with no power:     0
*                Total instances in design with no activty:     0

*                Total Fillers and Decap:     0
-----------------------------------------------------------------------------------------
 
** INFO:  (VOLTUS_POWR-3465): There are 0 decaps and 0 fillers in the design

Ended Static Power Report Generation: (cpu=0:00:00, real=0:00:00,
mem(process/total/peak)=1698.98MB/3618.65MB/1698.98MB)

